<?xml version="1.0" encoding="UTF-8"?>
<testsuite name="HelloWorldSpec" tests="1" skipped="0" failures="0" errors="0" timestamp="2021-01-12T18:34:22" hostname="b8aee78ba881" time="0.967">
  <properties/>
  <testcase name="Say Hi!" classname="HelloWorldSpec" time="0.967"/>
  <system-out><![CDATA[]]></system-out>
  <system-err><![CDATA[]]></system-err>
</testsuite>
